d:\develop\c++work\address book\address-book-management-system-main\asystem\x64\debug\asystem.pch
d:\develop\c++work\address book\address-book-management-system-main\asystem\x64\debug\vc143.pdb
d:\develop\c++work\address book\address-book-management-system-main\asystem\x64\debug\vc143.idb
d:\develop\c++work\address book\address-book-management-system-main\asystem\x64\debug\pch.obj
d:\develop\c++work\address book\address-book-management-system-main\asystem\x64\debug\asystem.obj
d:\develop\c++work\address book\address-book-management-system-main\asystem\x64\debug\asystemdlg.obj
d:\develop\c++work\address book\address-book-management-system-main\x64\debug\asystem.exe
d:\develop\c++work\address book\address-book-management-system-main\x64\debug\asystem.pdb
d:\develop\c++work\address book\address-book-management-system-main\asystem\x64\debug\asystem.res
d:\develop\c++work\address book\address-book-management-system-main\asystem\x64\debug\asystem.ilk
d:\develop\c++work\address book\address-book-management-system-main\asystem\x64\debug\asystem.tlog\cl.command.1.tlog
d:\develop\c++work\address book\address-book-management-system-main\asystem\x64\debug\asystem.tlog\cl.items.tlog
d:\develop\c++work\address book\address-book-management-system-main\asystem\x64\debug\asystem.tlog\cl.read.1.tlog
d:\develop\c++work\address book\address-book-management-system-main\asystem\x64\debug\asystem.tlog\cl.write.1.tlog
d:\develop\c++work\address book\address-book-management-system-main\asystem\x64\debug\asystem.tlog\link.command.1.tlog
d:\develop\c++work\address book\address-book-management-system-main\asystem\x64\debug\asystem.tlog\link.read.1.tlog
d:\develop\c++work\address book\address-book-management-system-main\asystem\x64\debug\asystem.tlog\link.secondary.1.tlog
d:\develop\c++work\address book\address-book-management-system-main\asystem\x64\debug\asystem.tlog\link.write.1.tlog
d:\develop\c++work\address book\address-book-management-system-main\asystem\x64\debug\asystem.tlog\rc.command.1.tlog
d:\develop\c++work\address book\address-book-management-system-main\asystem\x64\debug\asystem.tlog\rc.read.1.tlog
d:\develop\c++work\address book\address-book-management-system-main\asystem\x64\debug\asystem.tlog\rc.write.1.tlog
